<?xml version="1.0" encoding="UTF-8"?>
<!-- Generated by org.testng.reporters.JUnitXMLReporter -->
<testsuite hostname="yogesh-H81M-S" ignored="0" name="Edwiser Connection Settings" tests="5" failures="0" timestamp="10 Apr 2018 06:49:11 GMT" time="23.328" errors="0">
  <testcase name="emptyURLandToken" time="2.557" classname="com.edwiser.EdwiserBridge.ConnectionSettings"/>
  <testcase name="invalidMoodleURL" time="1.074" classname="com.edwiser.EdwiserBridge.ConnectionSettings"/>
  <testcase name="nonMoodleSiteURL" time="6.852" classname="com.edwiser.EdwiserBridge.ConnectionSettings"/>
  <testcase name="invalidAccessToken" time="1.469" classname="com.edwiser.EdwiserBridge.ConnectionSettings"/>
  <testcase name="validDetails" time="1.731" classname="com.edwiser.EdwiserBridge.ConnectionSettings"/>
</testsuite> <!-- Edwiser Connection Settings -->
