<?xml version="1.0" encoding="UTF-8"?>
<!-- Generated by org.testng.reporters.JUnitXMLReporter -->
<testsuite hostname="yogesh-H81M-S" ignored="0" name="Edwiser Synchronization Settings" tests="5" failures="0" timestamp="10 Apr 2018 06:50:03 GMT" time="51.624" errors="0">
  <testcase name="syncWithOutConnection" time="15.302" classname="com.edwiser.EdwiserBridge.SynchronizationSettings"/>
  <testcase name="syncCourseAsDraft" time="7.716" classname="com.edwiser.EdwiserBridge.SynchronizationSettings"/>
  <testcase name="syncCourseAsPublish" time="8.987" classname="com.edwiser.EdwiserBridge.SynchronizationSettings"/>
  <testcase name="syncCourseCategories" time="4.828" classname="com.edwiser.EdwiserBridge.SynchronizationSettings"/>
  <testcase name="syncUpdateCourses" time="7.1" classname="com.edwiser.EdwiserBridge.SynchronizationSettings"/>
</testsuite> <!-- Edwiser Synchronization Settings -->
