<?xml version="1.0" encoding="UTF-8"?>
<!-- Generated by org.testng.reporters.JUnitXMLReporter -->
<testsuite hostname="yogesh-H81M-S" ignored="0" name="Edwiser Extra Settings" tests="4" failures="1" timestamp="10 Apr 2018 06:50:30 GMT" time="27.289" errors="0">
  <testcase name="PayPal" time="1.899" classname="com.edwiser.EdwiserBridge.Extras"/>
  <testcase name="licenseTabExtensionsLink" time="0.955" classname="com.edwiser.EdwiserBridge.Extras"/>
  <testcase name="help" time="0.397" classname="com.edwiser.EdwiserBridge.Extras"/>
  <testcase name="CheckExtensionsPageLinks" time="16.76" classname="com.edwiser.EdwiserBridge.Extras">
    <failure type="java.lang.AssertionError" message="All Extenssipns are not getting displayed on Extenssions page expected [true] but found [false]">
      <![CDATA[java.lang.AssertionError: All Extenssipns are not getting displayed on Extenssions page expected [true] but found [false]
	at com.edwiser.EdwiserBridge.Extras.CheckExtensionsPageLinks(Extras.java:141)
... Removed 28 stack frames]]>
    </failure>
  </testcase> <!-- CheckExtensionsPageLinks -->
</testsuite> <!-- Edwiser Extra Settings -->
