<?xml version="1.0" encoding="UTF-8"?>
<!-- Generated by org.testng.reporters.JUnitXMLReporter -->
<testsuite hostname="yogesh-H81M-S" ignored="0" name="Edwiser Set Course Type and Check From FrontEnd" tests="3" failures="0" timestamp="10 Apr 2018 06:52:18 GMT" time="22.257" errors="0">
  <testcase name="makeCoursePaidAndAddPrice" time="5.656" classname="com.edwiser.EdwiserBridge.CourseTypeSettings"/>
  <testcase name="makeCourseClosedAndRedirectionURL" time="3.178" classname="com.edwiser.EdwiserBridge.CourseTypeSettings"/>
  <testcase name="setCourseExpireAccessDays" time="5.83" classname="com.edwiser.EdwiserBridge.CourseTypeSettings"/>
</testsuite> <!-- Edwiser Set Course Type and Check From FrontEnd -->
